#
# There is insufficient memory for the Java Runtime Environment to continue.
# Native memory allocation (malloc) failed to allocate 1261136 bytes for Chunk::new
# Possible reasons:
#   The system is out of physical RAM or swap space
#   The process is running with CompressedOops enabled, and the Java Heap may be blocking the growth of the native heap
# Possible solutions:
#   Reduce memory load on the system
#   Increase physical memory or swap space
#   Check if swap backing store is full
#   Decrease Java heap size (-Xmx/-Xms)
#   Decrease number of Java threads
#   Decrease Java thread stack sizes (-Xss)
#   Set larger code cache with -XX:ReservedCodeCacheSize=
#   JVM is running with Unscaled Compressed Oops mode in which the Java heap is
#     placed in the first 4GB address space. The Java Heap base address is the
#     maximum limit for the native heap growth. Please use -XX:HeapBaseMinAddress
#     to set the Java Heap base and to place the Java Heap above 4GB virtual address.
# This output file may be truncated or incomplete.
#
#  Out of Memory Error (allocation.cpp:389), pid=16228, tid=0x0000000000001c28
#
# JRE version: OpenJDK Runtime Environment (8.0_242-b01) (build 1.8.0_242-release-1644-b01)
# Java VM: OpenJDK 64-Bit Server VM (25.242-b01 mixed mode windows-amd64 compressed oops)
# Failed to write core dump. Minidumps are not enabled by default on client versions of Windows
#

---------------  T H R E A D  ---------------

Current thread (0x0000000019c1e000):  JavaThread "C2 CompilerThread2" daemon [_thread_in_native, id=7208, stack(0x000000001a6e0000,0x000000001a7e0000)]

Stack: [0x000000001a6e0000,0x000000001a7e0000]
[error occurred during error reporting (printing stack bounds), id 0xc0000005]

Native frames: (J=compiled Java code, j=interpreted, Vv=VM code, C=native code)


Current CompileTask:
C2:   6972 5433       4       java.lang.Class::privateGetMethodRecursive (130 bytes)


---------------  P R O C E S S  ---------------

Java Threads: ( => current thread )
  0x00000000240a5000 JavaThread "Cache worker for Build Output Cleanup Cache (D:\BloodPressure\.gradle\buildOutputCleanup)" [_thread_blocked, id=11400, stack(0x0000000027e50000,0x0000000027f50000)]
  0x00000000240a6800 JavaThread "jar transforms Thread 92" [_thread_blocked, id=17400, stack(0x000000002c700000,0x000000002c800000)]
  0x000000002409d800 JavaThread "jar transforms Thread 91" [_thread_blocked, id=6052, stack(0x000000002c600000,0x000000002c700000)]
  0x000000002409f800 JavaThread "jar transforms Thread 90" [_thread_blocked, id=16556, stack(0x000000002c500000,0x000000002c600000)]
  0x00000000240a4000 JavaThread "jar transforms Thread 89" [_thread_blocked, id=16952, stack(0x000000002c400000,0x000000002c500000)]
  0x000000002409f000 JavaThread "jar transforms Thread 88" [_thread_blocked, id=14736, stack(0x000000002c300000,0x000000002c400000)]
  0x00000000240a3800 JavaThread "jar transforms Thread 87" [_thread_blocked, id=13060, stack(0x000000002c200000,0x000000002c300000)]
  0x000000002409c000 JavaThread "jar transforms Thread 86" [_thread_blocked, id=6072, stack(0x000000002c100000,0x000000002c200000)]
  0x000000002409e000 JavaThread "jar transforms Thread 85" [_thread_blocked, id=12340, stack(0x000000002c000000,0x000000002c100000)]
  0x00000000240a2000 JavaThread "jar transforms Thread 84" [_thread_blocked, id=13316, stack(0x000000002bf00000,0x000000002c000000)]
  0x000000002409c800 JavaThread "jar transforms Thread 83" [_thread_blocked, id=9552, stack(0x000000002be00000,0x000000002bf00000)]
  0x00000000240a2800 JavaThread "jar transforms Thread 82" [_thread_blocked, id=13368, stack(0x000000002bd00000,0x000000002be00000)]
  0x000000002409b000 JavaThread "jar transforms Thread 81" [_thread_blocked, id=9500, stack(0x000000002bc00000,0x000000002bd00000)]
  0x0000000023df2800 JavaThread "jar transforms Thread 80" [_thread_blocked, id=12140, stack(0x000000002bb00000,0x000000002bc00000)]
  0x0000000023df1000 JavaThread "jar transforms Thread 79" [_thread_blocked, id=14852, stack(0x000000002ba00000,0x000000002bb00000)]
  0x0000000023dee800 JavaThread "jar transforms Thread 78" [_thread_blocked, id=4804, stack(0x000000002b900000,0x000000002ba00000)]
  0x0000000023ded000 JavaThread "jar transforms Thread 77" [_thread_blocked, id=9004, stack(0x000000002b800000,0x000000002b900000)]
  0x0000000023def800 JavaThread "jar transforms Thread 76" [_thread_blocked, id=4792, stack(0x000000002b700000,0x000000002b800000)]
  0x0000000023df0000 JavaThread "jar transforms Thread 75" [_thread_blocked, id=6976, stack(0x000000002b600000,0x000000002b700000)]
  0x0000000023dec800 JavaThread "jar transforms Thread 74" [_thread_blocked, id=2108, stack(0x000000002b500000,0x000000002b600000)]
  0x0000000023dee000 JavaThread "jar transforms Thread 73" [_thread_blocked, id=13328, stack(0x000000002b400000,0x000000002b500000)]
  0x0000000023df1800 JavaThread "jar transforms Thread 72" [_thread_blocked, id=15284, stack(0x000000002b300000,0x000000002b400000)]
  0x0000000023de5000 JavaThread "jar transforms Thread 71" [_thread_blocked, id=652, stack(0x000000002b200000,0x000000002b300000)]
  0x0000000023deb800 JavaThread "jar transforms Thread 70" [_thread_blocked, id=9680, stack(0x000000002b100000,0x000000002b200000)]
  0x0000000023de4000 JavaThread "jar transforms Thread 69" [_thread_blocked, id=1904, stack(0x000000002b000000,0x000000002b100000)]
  0x0000000023de5800 JavaThread "jar transforms Thread 68" [_thread_blocked, id=14684, stack(0x000000002af00000,0x000000002b000000)]
  0x0000000023deb000 JavaThread "jar transforms Thread 67" [_thread_blocked, id=12232, stack(0x000000002ae00000,0x000000002af00000)]
  0x0000000023dea000 JavaThread "jar transforms Thread 66" [_thread_blocked, id=1668, stack(0x000000002ad00000,0x000000002ae00000)]
  0x0000000023de6800 JavaThread "jar transforms Thread 65" [_thread_blocked, id=8184, stack(0x000000002ac00000,0x000000002ad00000)]
  0x0000000023de8800 JavaThread "jar transforms Thread 64" [_thread_blocked, id=7160, stack(0x000000002ab00000,0x000000002ac00000)]
  0x0000000023de3800 JavaThread "jar transforms Thread 63" [_thread_blocked, id=9400, stack(0x000000002aa00000,0x000000002ab00000)]
  0x0000000023de9800 JavaThread "jar transforms Thread 62" [_thread_blocked, id=7844, stack(0x000000002a900000,0x000000002aa00000)]
  0x0000000023de8000 JavaThread "jar transforms Thread 61" [_thread_blocked, id=11436, stack(0x000000002a800000,0x000000002a900000)]
  0x0000000023de7000 JavaThread "jar transforms Thread 60" [_thread_blocked, id=9984, stack(0x000000002a700000,0x000000002a800000)]
  0x0000000020f8a800 JavaThread "jar transforms Thread 59" [_thread_blocked, id=17104, stack(0x000000002a600000,0x000000002a700000)]
  0x0000000020f8a000 JavaThread "jar transforms Thread 58" [_thread_blocked, id=6280, stack(0x000000002a500000,0x000000002a600000)]
  0x0000000020f8b800 JavaThread "jar transforms Thread 57" [_thread_blocked, id=10284, stack(0x000000002a400000,0x000000002a500000)]
  0x0000000020f8c000 JavaThread "jar transforms Thread 56" [_thread_blocked, id=16612, stack(0x000000002a300000,0x000000002a400000)]
  0x0000000020f88800 JavaThread "jar transforms Thread 55" [_thread_blocked, id=5552, stack(0x000000002a200000,0x000000002a300000)]
  0x0000000020f89000 JavaThread "jar transforms Thread 54" [_thread_blocked, id=15548, stack(0x000000002a100000,0x000000002a200000)]
  0x0000000020f8e800 JavaThread "jar transforms Thread 53" [_thread_blocked, id=15244, stack(0x000000002a000000,0x000000002a100000)]
  0x0000000020f8d800 JavaThread "jar transforms Thread 52" [_thread_blocked, id=15988, stack(0x0000000029f00000,0x000000002a000000)]
  0x0000000020f8d000 JavaThread "jar transforms Thread 51" [_thread_blocked, id=9236, stack(0x0000000029e00000,0x0000000029f00000)]
  0x0000000020f81000 JavaThread "jar transforms Thread 50" [_thread_blocked, id=6236, stack(0x0000000029d00000,0x0000000029e00000)]
  0x0000000020f87800 JavaThread "jar transforms Thread 49" [_thread_blocked, id=14520, stack(0x0000000029c00000,0x0000000029d00000)]
  0x0000000020f85800 JavaThread "jar transforms Thread 48" [_thread_blocked, id=10012, stack(0x0000000029b00000,0x0000000029c00000)]
  0x0000000020f86000 JavaThread "jar transforms Thread 47" [_thread_blocked, id=3320, stack(0x0000000029a00000,0x0000000029b00000)]
  0x0000000020f80000 JavaThread "jar transforms Thread 46" [_thread_blocked, id=15164, stack(0x0000000029900000,0x0000000029a00000)]
  0x0000000020f87000 JavaThread "jar transforms Thread 45" [_thread_blocked, id=16704, stack(0x0000000029800000,0x0000000029900000)]
  0x0000000020f84800 JavaThread "jar transforms Thread 44" [_thread_blocked, id=1832, stack(0x0000000029700000,0x0000000029800000)]
  0x0000000020f7f800 JavaThread "jar transforms Thread 43" [_thread_blocked, id=14604, stack(0x0000000029600000,0x0000000029700000)]
  0x0000000020f82800 JavaThread "jar transforms Thread 42" [_thread_blocked, id=2356, stack(0x0000000029500000,0x0000000029600000)]
  0x0000000020f84000 JavaThread "jar transforms Thread 41" [_thread_blocked, id=11192, stack(0x0000000029400000,0x0000000029500000)]
  0x0000000020f81800 JavaThread "jar transforms Thread 40" [_thread_blocked, id=16840, stack(0x0000000029300000,0x0000000029400000)]
  0x0000000020f83000 JavaThread "jar transforms Thread 39" [_thread_blocked, id=6468, stack(0x0000000029200000,0x0000000029300000)]
  0x0000000023d95800 JavaThread "jar transforms Thread 38" [_thread_blocked, id=6524, stack(0x0000000029100000,0x0000000029200000)]
  0x0000000023d95000 JavaThread "jar transforms Thread 37" [_thread_blocked, id=7480, stack(0x0000000029000000,0x0000000029100000)]
  0x0000000023d96800 JavaThread "jar transforms Thread 36" [_thread_blocked, id=6376, stack(0x0000000028f00000,0x0000000029000000)]
  0x0000000023d94000 JavaThread "jar transforms Thread 35" [_thread_blocked, id=10332, stack(0x0000000028e00000,0x0000000028f00000)]
  0x0000000023d8c000 JavaThread "jar transforms Thread 34" [_thread_blocked, id=12576, stack(0x0000000028d00000,0x0000000028e00000)]
  0x0000000023d92000 JavaThread "jar transforms Thread 33" [_thread_blocked, id=3508, stack(0x0000000028c00000,0x0000000028d00000)]
  0x0000000023d91000 JavaThread "jar transforms Thread 32" [_thread_blocked, id=13168, stack(0x0000000028b00000,0x0000000028c00000)]
  0x0000000023d90800 JavaThread "jar transforms Thread 31" [_thread_blocked, id=1940, stack(0x0000000028a00000,0x0000000028b00000)]
  0x0000000023d92800 JavaThread "jar transforms Thread 30" [_thread_blocked, id=5512, stack(0x0000000028900000,0x0000000028a00000)]
  0x0000000023d89000 JavaThread "jar transforms Thread 29" [_thread_blocked, id=14244, stack(0x0000000028800000,0x0000000028900000)]
  0x0000000023d8f800 JavaThread "jar transforms Thread 28" [_thread_blocked, id=11056, stack(0x0000000028700000,0x0000000028800000)]
  0x0000000023d88000 JavaThread "jar transforms Thread 27" [_thread_blocked, id=11680, stack(0x0000000028600000,0x0000000028700000)]
  0x0000000023d8f000 JavaThread "jar transforms Thread 26" [_thread_blocked, id=17028, stack(0x0000000028500000,0x0000000028600000)]
  0x0000000023d8a800 JavaThread "jar transforms Thread 25" [_thread_blocked, id=2448, stack(0x0000000028400000,0x0000000028500000)]
  0x0000000023d87800 JavaThread "jar transforms Thread 24" [_thread_blocked, id=10356, stack(0x0000000024c40000,0x0000000024d40000)]
  0x0000000023d8e000 JavaThread "Build operations Thread 8" [_thread_blocked, id=12136, stack(0x0000000027b50000,0x0000000027c50000)]
  0x0000000023d89800 JavaThread "Build operations Thread 7" [_thread_blocked, id=7524, stack(0x0000000027a50000,0x0000000027b50000)]
  0x0000000023d8c800 JavaThread "Build operations Thread 6" [_thread_blocked, id=12920, stack(0x0000000027950000,0x0000000027a50000)]
  0x0000000023d8b000 JavaThread "Build operations Thread 5" [_thread_blocked, id=2164, stack(0x0000000027850000,0x0000000027950000)]
  0x0000000023d8d800 JavaThread "Build operations Thread 4" [_thread_blocked, id=15020, stack(0x0000000027750000,0x0000000027850000)]
  0x0000000020de5000 JavaThread "Build operations Thread 3" [_thread_blocked, id=17024, stack(0x0000000027650000,0x0000000027750000)]
  0x0000000020de3800 JavaThread "Build operations Thread 2" [_thread_blocked, id=3648, stack(0x0000000026350000,0x0000000026450000)]
  0x0000000020de3000 JavaThread "Build operations" [_thread_blocked, id=12800, stack(0x0000000023750000,0x0000000023850000)]
  0x0000000020de4800 JavaThread "Cache worker for file content cache (C:\Users\ADMIN\.gradle\caches\6.5\fileContent)" [_thread_blocked, id=14644, stack(0x0000000023650000,0x0000000023750000)]
  0x000000002082d800 JavaThread "Cache worker for execution history cache (C:\Users\ADMIN\.gradle\caches\6.5\executionHistory)" [_thread_blocked, id=13960, stack(0x0000000023150000,0x0000000023250000)]
  0x000000002082e000 JavaThread "Cache worker for cache directory md-rule (C:\Users\ADMIN\.gradle\caches\6.5\md-rule)" [_thread_blocked, id=11852, stack(0x0000000022e50000,0x0000000022f50000)]
  0x000000002082f000 JavaThread "Cache worker for cache directory md-supplier (C:\Users\ADMIN\.gradle\caches\6.5\md-supplier)" [_thread_blocked, id=14316, stack(0x00000000216b0000,0x00000000217b0000)]
  0x000000002082f800 JavaThread "Cache worker for checksums cache (D:\BloodPressure\.gradle\checksums)" [_thread_blocked, id=15196, stack(0x00000000215b0000,0x00000000216b0000)]
  0x0000000020826000 JavaThread "jar transforms Thread 23" [_thread_blocked, id=16112, stack(0x0000000022d50000,0x0000000022e50000)]
  0x000000002082c800 JavaThread "jar transforms Thread 22" [_thread_blocked, id=16212, stack(0x0000000022c50000,0x0000000022d50000)]
  0x0000000020829800 JavaThread "jar transforms Thread 21" [_thread_blocked, id=17280, stack(0x0000000022b50000,0x0000000022c50000)]
  0x0000000020825000 JavaThread "jar transforms Thread 20" [_thread_blocked, id=12748, stack(0x0000000022a50000,0x0000000022b50000)]
  0x000000002082c000 JavaThread "jar transforms Thread 19" [_thread_blocked, id=1104, stack(0x0000000022950000,0x0000000022a50000)]
  0x000000002082b000 JavaThread "jar transforms Thread 18" [_thread_blocked, id=644, stack(0x0000000022850000,0x0000000022950000)]
  0x0000000020828000 JavaThread "jar transforms Thread 17" [_thread_blocked, id=3644, stack(0x0000000022750000,0x0000000022850000)]
  0x0000000020824800 JavaThread "jar transforms Thread 16" [_thread_blocked, id=11796, stack(0x0000000022650000,0x0000000022750000)]
  0x0000000020823800 JavaThread "jar transforms Thread 15" [_thread_blocked, id=16820, stack(0x0000000022550000,0x0000000022650000)]
  0x000000002082a800 JavaThread "jar transforms Thread 14" [_thread_blocked, id=12864, stack(0x0000000022350000,0x0000000022450000)]
  0x0000000020823000 JavaThread "jar transforms Thread 13" [_thread_blocked, id=10648, stack(0x0000000022250000,0x0000000022350000)]
  0x0000000020822000 JavaThread "jar transforms Thread 12" [_thread_blocked, id=9652, stack(0x0000000022150000,0x0000000022250000)]
  0x0000000020829000 JavaThread "jar transforms Thread 11" [_thread_blocked, id=4448, stack(0x0000000022050000,0x0000000022150000)]
  0x0000000020820800 JavaThread "jar transforms Thread 10" [_thread_blocked, id=12684, stack(0x0000000021f50000,0x0000000022050000)]
  0x0000000020821800 JavaThread "jar transforms Thread 9" [_thread_blocked, id=11792, stack(0x0000000021e50000,0x0000000021f50000)]
  0x0000000020827800 JavaThread "jar transforms Thread 8" [_thread_blocked, id=16388, stack(0x0000000021d50000,0x0000000021e50000)]
  0x0000000020826800 JavaThread "jar transforms Thread 7" [_thread_blocked, id=9160, stack(0x0000000021c50000,0x0000000021d50000)]
  0x0000000019c27800 JavaThread "jar transforms Thread 6" [_thread_blocked, id=7296, stack(0x0000000021b50000,0x0000000021c50000)]
  0x0000000019c27000 JavaThread "jar transforms Thread 5" [_thread_blocked, id=3148, stack(0x0000000021a50000,0x0000000021b50000)]
  0x0000000019c26000 JavaThread "jar transforms Thread 4" [_thread_blocked, id=12536, stack(0x0000000021950000,0x0000000021a50000)]
  0x0000000019c28800 JavaThread "jar transforms Thread 3" [_thread_blocked, id=12300, stack(0x0000000021850000,0x0000000021950000)]
  0x0000000019c25800 JavaThread "jar transforms Thread 2" [_thread_blocked, id=8816, stack(0x0000000021320000,0x0000000021420000)]
  0x0000000019c24800 JavaThread "jar transforms" [_thread_blocked, id=10840, stack(0x0000000021220000,0x0000000021320000)]
  0x0000000019c2b800 JavaThread "Cache worker for file hash cache (D:\BloodPressure\.gradle\6.5\fileHashes)" [_thread_blocked, id=3668, stack(0x00000000214b0000,0x00000000215b0000)]
  0x0000000019c2a800 JavaThread "Cache worker for file hash cache (C:\Users\ADMIN\.gradle\caches\6.5\fileHashes)" [_thread_blocked, id=5684, stack(0x000000001eb00000,0x000000001ec00000)]
  0x0000000019c2a000 JavaThread "File lock request listener" [_thread_in_native, id=2376, stack(0x000000001ea00000,0x000000001eb00000)]
  0x000000001ae57800 JavaThread "Cache worker for journal cache (C:\Users\ADMIN\.gradle\caches\journal-1)" [_thread_blocked, id=10328, stack(0x000000001e900000,0x000000001ea00000)]
  0x000000001c5d6000 JavaThread "Thread-9" [_thread_blocked, id=2940, stack(0x000000001e600000,0x000000001e700000)]
  0x000000001c5d3000 JavaThread "Stdin handler" [_thread_blocked, id=4192, stack(0x000000001e500000,0x000000001e600000)]
  0x000000001c62c800 JavaThread "Asynchronous log dispatcher for DefaultDaemonConnection: socket connection from /127.0.0.1:55729 to /127.0.0.1:55730" [_thread_blocked, id=2036, stack(0x000000001e400000,0x000000001e500000)]
  0x000000001c61e800 JavaThread "Daemon worker" [_thread_in_native, id=8384, stack(0x000000001e300000,0x000000001e400000)]
  0x000000001c636000 JavaThread "Cancel handler" [_thread_blocked, id=7564, stack(0x000000001e200000,0x000000001e300000)]
  0x000000001c59a000 JavaThread "Handler for socket connection from /127.0.0.1:55729 to /127.0.0.1:55730" [_thread_in_native, id=11704, stack(0x000000001e100000,0x000000001e200000)]
  0x000000001c598800 JavaThread "Daemon" [_thread_blocked, id=12724, stack(0x000000001de00000,0x000000001df00000)]
  0x000000001c518000 JavaThread "Daemon periodic checks" [_thread_blocked, id=16020, stack(0x000000001dd00000,0x000000001de00000)]
  0x000000001c517000 JavaThread "Incoming local TCP Connector on port 55729" [_thread_in_native, id=7252, stack(0x000000001dac0000,0x000000001dbc0000)]
  0x000000001abc1800 JavaThread "Daemon health stats" [_thread_blocked, id=7848, stack(0x000000001d480000,0x000000001d580000)]
  0x0000000019cb4000 JavaThread "Service Thread" daemon [_thread_blocked, id=16024, stack(0x000000001a8e0000,0x000000001a9e0000)]
  0x0000000019c29000 JavaThread "C1 CompilerThread3" daemon [_thread_in_native, id=17208, stack(0x000000001a7e0000,0x000000001a8e0000)]
=>0x0000000019c1e000 JavaThread "C2 CompilerThread2" daemon [_thread_in_native, id=7208, stack(0x000000001a6e0000,0x000000001a7e0000)]
  0x0000000017dfb800 JavaThread "C2 CompilerThread1" daemon [_thread_in_native, id=8476, stack(0x000000001a5e0000,0x000000001a6e0000)]
  0x0000000019c16000 JavaThread "C2 CompilerThread0" daemon [_thread_in_native, id=8188, stack(0x000000001a4e0000,0x000000001a5e0000)]
  0x0000000019c15800 JavaThread "Attach Listener" daemon [_thread_blocked, id=6672, stack(0x000000001a3e0000,0x000000001a4e0000)]
  0x0000000019c12000 JavaThread "Signal Dispatcher" daemon [_thread_blocked, id=9340, stack(0x000000001a2e0000,0x000000001a3e0000)]
  0x0000000019c01800 JavaThread "Finalizer" daemon [_thread_blocked, id=16928, stack(0x000000001a0e0000,0x000000001a1e0000)]
  0x0000000019c00800 JavaThread "Reference Handler" daemon [_thread_blocked, id=17080, stack(0x0000000019fe0000,0x000000001a0e0000)]
  0x0000000002c7e000 JavaThread "main" [_thread_blocked, id=14524, stack(0x0000000002b40000,0x0000000002c40000)]

Other Threads:
  0x0000000017de8000 VMThread [stack: 0x0000000019ae0000,0x0000000019be0000] [id=13192]
  0x0000000019c63000 WatcherThread [stack: 0x000000001a9e0000,0x000000001aae0000] [id=14748]

VM state:not at safepoint (normal execution)

VM Mutex/Monitor currently owned by a thread: None

heap address: 0x0000000080000000, size: 2048 MB, Compressed Oops mode: 32-bit
Narrow klass base: 0x0000000000000000, Narrow klass shift: 3
Compressed class space size: 1073741824 Address: 0x0000000100000000

Heap:
 PSYoungGen      total 193536K, used 9851K [0x00000000d5580000, 0x00000000e2c00000, 0x0000000100000000)
  eden space 178176K, 5% used [0x00000000d5580000,0x00000000d5f1edd8,0x00000000e0380000)
  from space 15360K, 0% used [0x00000000e1380000,0x00000000e1380000,0x00000000e2280000)
  to   space 16384K, 0% used [0x00000000e0380000,0x00000000e0380000,0x00000000e1380000)
 ParOldGen       total 83456K, used 33974K [0x0000000080000000, 0x0000000085180000, 0x00000000d5580000)
  object space 83456K, 40% used [0x0000000080000000,0x000000008212d910,0x0000000085180000)
 Metaspace       used 56974K, capacity 59396K, committed 59736K, reserved 1101824K
  class space    used 7511K, capacity 8030K, committed 8064K, reserved 1048576K

Card table byte_map: [0x0000000012140000,0x0000000012550000] byte_map_base: 0x0000000011d40000

Marking Bits: (ParMarkBitMap*) 0x00000000555af030
 Begin Bits: [0x0000000013000000, 0x0000000015000000)
 End Bits:   [0x0000000015000000, 0x0000000017000000)

Polling page: 0x0000000002ae0000

CodeCache: size=245760Kb used=17396Kb max_used=17397Kb free=228363Kb
 bounds [0x0000000002d80000, 0x0000000003ea0000, 0x0000000011d80000]
 total_blobs=5742 nmethods=4952 adapters=701
 compilation: enabled

Compilation events (10 events):
Event: 6.956 Thread 0x0000000019c29000 5531       3       com.google.common.collect.RegularImmutableMap::get (64 bytes)
Event: 6.957 Thread 0x0000000019c29000 nmethod 5531 0x0000000003083cd0 code [0x0000000003083e80, 0x0000000003084608]
Event: 6.957 Thread 0x0000000019c29000 5530       3       com.google.common.collect.RegularImmutableMap::get (13 bytes)
Event: 6.957 Thread 0x0000000019c29000 nmethod 5530 0x0000000003466f90 code [0x0000000003467100, 0x00000000034672a8]
Event: 6.965 Thread 0x0000000019c29000 5532       1       java.lang.invoke.MethodHandle::internalForm (5 bytes)
Event: 6.965 Thread 0x0000000019c29000 nmethod 5532 0x00000000030839d0 code [0x0000000003083b20, 0x0000000003083c30]
Event: 6.965 Thread 0x0000000019c29000 5533       1       java.lang.invoke.SimpleMethodHandle::fieldCount (2 bytes)
Event: 6.966 Thread 0x0000000019c29000 nmethod 5533 0x0000000003205750 code [0x00000000032058a0, 0x00000000032059b0]
Event: 6.966 Thread 0x0000000019c29000 5534       3       jdk.internal.org.objectweb.asm.ClassWriter::visitEnd (1 bytes)
Event: 6.966 Thread 0x0000000019c29000 nmethod 5534 0x0000000003205450 code [0x00000000032055a0, 0x00000000032056f0]

GC Heap History (10 events):
Event: 3.665 GC heap before
{Heap before GC invocations=11 (full 2):
 PSYoungGen      total 111616K, used 7009K [0x00000000d5580000, 0x00000000df980000, 0x0000000100000000)
  eden space 99840K, 0% used [0x00000000d5580000,0x00000000d5580000,0x00000000db700000)
  from space 11776K, 59% used [0x00000000db700000,0x00000000dbdd86b8,0x00000000dc280000)
  to   space 11264K, 0% used [0x00000000dee80000,0x00000000dee80000,0x00000000df980000)
 ParOldGen       total 61440K, used 8965K [0x0000000080000000, 0x0000000083c00000, 0x00000000d5580000)
  object space 61440K, 14% used [0x0000000080000000,0x00000000808c1718,0x0000000083c00000)
 Metaspace       used 34178K, capacity 35318K, committed 35416K, reserved 1079296K
  class space    used 4623K, capacity 4916K, committed 4992K, reserved 1048576K
Event: 3.712 GC heap after
Heap after GC invocations=11 (full 2):
 PSYoungGen      total 111616K, used 0K [0x00000000d5580000, 0x00000000df980000, 0x0000000100000000)
  eden space 99840K, 0% used [0x00000000d5580000,0x00000000d5580000,0x00000000db700000)
  from space 11776K, 0% used [0x00000000db700000,0x00000000db700000,0x00000000dc280000)
  to   space 11264K, 0% used [0x00000000dee80000,0x00000000dee80000,0x00000000df980000)
 ParOldGen       total 83456K, used 13470K [0x0000000080000000, 0x0000000085180000, 0x00000000d5580000)
  object space 83456K, 16% used [0x0000000080000000,0x0000000080d279d8,0x0000000085180000)
 Metaspace       used 34178K, capacity 35318K, committed 35416K, reserved 1079296K
  class space    used 4623K, capacity 4916K, committed 4992K, reserved 1048576K
}
Event: 4.564 GC heap before
{Heap before GC invocations=12 (full 2):
 PSYoungGen      total 111616K, used 99840K [0x00000000d5580000, 0x00000000df980000, 0x0000000100000000)
  eden space 99840K, 100% used [0x00000000d5580000,0x00000000db700000,0x00000000db700000)
  from space 11776K, 0% used [0x00000000db700000,0x00000000db700000,0x00000000dc280000)
  to   space 11264K, 0% used [0x00000000dee80000,0x00000000dee80000,0x00000000df980000)
 ParOldGen       total 83456K, used 13470K [0x0000000080000000, 0x0000000085180000, 0x00000000d5580000)
  object space 83456K, 16% used [0x0000000080000000,0x0000000080d279d8,0x0000000085180000)
 Metaspace       used 39714K, capacity 41242K, committed 41560K, reserved 1085440K
  class space    used 5321K, capacity 5643K, committed 5760K, reserved 1048576K
Event: 4.573 GC heap after
Heap after GC invocations=12 (full 2):
 PSYoungGen      total 145408K, used 10130K [0x00000000d5580000, 0x00000000df880000, 0x0000000100000000)
  eden space 135168K, 0% used [0x00000000d5580000,0x00000000d5580000,0x00000000dd980000)
  from space 10240K, 98% used [0x00000000dee80000,0x00000000df864ac8,0x00000000df880000)
  to   space 12288K, 0% used [0x00000000de080000,0x00000000de080000,0x00000000dec80000)
 ParOldGen       total 83456K, used 13478K [0x0000000080000000, 0x0000000085180000, 0x00000000d5580000)
  object space 83456K, 16% used [0x0000000080000000,0x0000000080d299d8,0x0000000085180000)
 Metaspace       used 39714K, capacity 41242K, committed 41560K, reserved 1085440K
  class space    used 5321K, capacity 5643K, committed 5760K, reserved 1048576K
}
Event: 5.822 GC heap before
{Heap before GC invocations=13 (full 2):
 PSYoungGen      total 145408K, used 145298K [0x00000000d5580000, 0x00000000df880000, 0x0000000100000000)
  eden space 135168K, 100% used [0x00000000d5580000,0x00000000dd980000,0x00000000dd980000)
  from space 10240K, 98% used [0x00000000dee80000,0x00000000df864ac8,0x00000000df880000)
  to   space 12288K, 0% used [0x00000000de080000,0x00000000de080000,0x00000000dec80000)
 ParOldGen       total 83456K, used 13478K [0x0000000080000000, 0x0000000085180000, 0x00000000d5580000)
  object space 83456K, 16% used [0x0000000080000000,0x0000000080d299d8,0x0000000085180000)
 Metaspace       used 48970K, capacity 51270K, committed 51544K, reserved 1093632K
  class space    used 6529K, capacity 6989K, committed 7040K, reserved 1048576K
Event: 5.836 GC heap after
Heap after GC invocations=13 (full 2):
 PSYoungGen      total 154624K, used 12277K [0x00000000d5580000, 0x00000000e2280000, 0x0000000100000000)
  eden space 142336K, 0% used [0x00000000d5580000,0x00000000d5580000,0x00000000de080000)
  from space 12288K, 99% used [0x00000000de080000,0x00000000dec7d668,0x00000000dec80000)
  to   space 15360K, 0% used [0x00000000e1380000,0x00000000e1380000,0x00000000e2280000)
 ParOldGen       total 83456K, used 18356K [0x0000000080000000, 0x0000000085180000, 0x00000000d5580000)
  object space 83456K, 21% used [0x0000000080000000,0x00000000811ed158,0x0000000085180000)
 Metaspace       used 48970K, capacity 51270K, committed 51544K, reserved 1093632K
  class space    used 6529K, capacity 6989K, committed 7040K, reserved 1048576K
}
Event: 6.664 GC heap before
{Heap before GC invocations=14 (full 2):
 PSYoungGen      total 154624K, used 109447K [0x00000000d5580000, 0x00000000e2280000, 0x0000000100000000)
  eden space 142336K, 68% used [0x00000000d5580000,0x00000000db464688,0x00000000de080000)
  from space 12288K, 99% used [0x00000000de080000,0x00000000dec7d668,0x00000000dec80000)
  to   space 15360K, 0% used [0x00000000e1380000,0x00000000e1380000,0x00000000e2280000)
 ParOldGen       total 83456K, used 18356K [0x0000000080000000, 0x0000000085180000, 0x00000000d5580000)
  object space 83456K, 21% used [0x0000000080000000,0x00000000811ed158,0x0000000085180000)
 Metaspace       used 56286K, capacity 58786K, committed 58968K, reserved 1099776K
  class space    used 7419K, capacity 7951K, committed 8064K, reserved 1048576K
Event: 6.681 GC heap after
Heap after GC invocations=14 (full 2):
 PSYoungGen      total 193536K, used 12567K [0x00000000d5580000, 0x00000000e2c00000, 0x0000000100000000)
  eden space 178176K, 0% used [0x00000000d5580000,0x00000000d5580000,0x00000000e0380000)
  from space 15360K, 81% used [0x00000000e1380000,0x00000000e1fc5ec0,0x00000000e2280000)
  to   space 16384K, 0% used [0x00000000e0380000,0x00000000e0380000,0x00000000e1380000)
 ParOldGen       total 83456K, used 28282K [0x0000000080000000, 0x0000000085180000, 0x00000000d5580000)
  object space 83456K, 33% used [0x0000000080000000,0x0000000081b9eb28,0x0000000085180000)
 Metaspace       used 56286K, capacity 58786K, committed 58968K, reserved 1099776K
  class space    used 7419K, capacity 7951K, committed 8064K, reserved 1048576K
}
Event: 6.681 GC heap before
{Heap before GC invocations=15 (full 3):
 PSYoungGen      total 193536K, used 12567K [0x00000000d5580000, 0x00000000e2c00000, 0x0000000100000000)
  eden space 178176K, 0% used [0x00000000d5580000,0x00000000d5580000,0x00000000e0380000)
  from space 15360K, 81% used [0x00000000e1380000,0x00000000e1fc5ec0,0x00000000e2280000)
  to   space 16384K, 0% used [0x00000000e0380000,0x00000000e0380000,0x00000000e1380000)
 ParOldGen       total 83456K, used 28282K [0x0000000080000000, 0x0000000085180000, 0x00000000d5580000)
  object space 83456K, 33% used [0x0000000080000000,0x0000000081b9eb28,0x0000000085180000)
 Metaspace       used 56286K, capacity 58786K, committed 58968K, reserved 1099776K
  class space    used 7419K, capacity 7951K, committed 8064K, reserved 1048576K
Event: 6.864 GC heap after
Heap after GC invocations=15 (full 3):
 PSYoungGen      total 193536K, used 0K [0x00000000d5580000, 0x00000000e2c00000, 0x0000000100000000)
  eden space 178176K, 0% used [0x00000000d5580000,0x00000000d5580000,0x00000000e0380000)
  from space 15360K, 0% used [0x00000000e1380000,0x00000000e1380000,0x00000000e2280000)
  to   space 16384K, 0% used [0x00000000e0380000,0x00000000e0380000,0x00000000e1380000)
 ParOldGen       total 83456K, used 33974K [0x0000000080000000, 0x0000000085180000, 0x00000000d5580000)
  object space 83456K, 40% used [0x0000000080000000,0x000000008212d910,0x0000000085180000)
 Metaspace       used 56201K, capacity 58550K, committed 58968K, reserved 1099776K
  class space    used 7396K, capacity 7917K, committed 8064K, reserved 1048576K
}

Deoptimization events (10 events):
Event: 6.037 Thread 0x000000001c61e800 Uncommon trap: reason=bimorphic action=maybe_recompile pc=0x0000000003925090 method=java.util.regex.Pattern$CharProperty.match(Ljava/util/regex/Matcher;ILjava/lang/CharSequence;)Z @ 18
Event: 6.052 Thread 0x000000001c61e800 Uncommon trap: reason=bimorphic action=maybe_recompile pc=0x0000000003925090 method=java.util.regex.Pattern$CharProperty.match(Ljava/util/regex/Matcher;ILjava/lang/CharSequence;)Z @ 18
Event: 6.183 Thread 0x000000001c61e800 Uncommon trap: reason=unstable_if action=reinterpret pc=0x00000000037a0830 method=org.gradle.internal.reflect.PropertyAccessorType.of(Ljava/lang/reflect/Method;)Lorg/gradle/internal/reflect/PropertyAccessorType; @ 56
Event: 6.196 Thread 0x000000001c61e800 Uncommon trap: reason=unstable_if action=reinterpret pc=0x000000000334cfa4 method=java.util.concurrent.ConcurrentHashMap.addCount(JI)V @ 110
Event: 6.197 Thread 0x000000001c61e800 Uncommon trap: reason=unstable_if action=reinterpret pc=0x0000000002fe45b4 method=java.util.concurrent.ConcurrentHashMap.addCount(JI)V @ 110
Event: 6.415 Thread 0x000000001c61e800 Uncommon trap: reason=unstable_if action=reinterpret pc=0x0000000003da5e34 method=com.sun.org.apache.xerces.internal.impl.XMLEntityScanner.checkBeforeLoad(Lcom/sun/xml/internal/stream/Entity$ScannedEntity;II)I @ 18
Event: 6.467 Thread 0x000000001c61e800 Uncommon trap: reason=unstable_if action=reinterpret pc=0x000000000334f6b8 method=org.gradle.internal.instantiation.generator.AbstractClassGenerator$InjectionAnnotationValidator.validateMethod(Ljava/lang/reflect/Method;Lorg/gradle/internal/reflect/Propert
Event: 6.467 Thread 0x000000001c61e800 Uncommon trap: reason=unstable_if action=reinterpret pc=0x0000000003352540 method=org.gradle.internal.instantiation.generator.AbstractClassGenerator$InjectionAnnotationValidator.validateMethod(Ljava/lang/reflect/Method;Lorg/gradle/internal/reflect/Propert
Event: 6.518 Thread 0x000000001c61e800 Uncommon trap: reason=null_check action=make_not_entrant pc=0x0000000003584d90 method=java.lang.Class.searchMethods([Ljava/lang/reflect/Method;Ljava/lang/String;[Ljava/lang/Class;)Ljava/lang/reflect/Method; @ 59
Event: 6.562 Thread 0x000000001c61e800 Uncommon trap: reason=unstable_if action=reinterpret pc=0x0000000003e38f88 method=groovy.lang.MetaClassImpl.filterPropertyMethod(Ljava/lang/Object;ZZ)Ljava/lang/Object; @ 72

Classes redefined (0 events):
No events

Internal exceptions (10 events):
Event: 6.565 Thread 0x000000001c61e800 Exception <a 'java/lang/ClassNotFoundException': build_3u6jso6ft8fpy7ecmabhatew7$_run_closure1BeanInfo> (0x00000000daad6738) thrown at [C:\src\AOSP-openjdk-git\hotspot\src\share\vm\classfile\systemDictionary.cpp, line 210]
Event: 6.566 Thread 0x000000001c61e800 Exception <a 'java/lang/ClassNotFoundException': build_3u6jso6ft8fpy7ecmabhatew7$_run_closure1Customizer> (0x00000000daae74a0) thrown at [C:\src\AOSP-openjdk-git\hotspot\src\share\vm\classfile\systemDictionary.cpp, line 210]
Event: 6.570 Thread 0x000000001c61e800 Exception <a 'java/lang/ClassNotFoundException': org/gradle/api/JavaVersionBeanInfo> (0x00000000dab53aa0) thrown at [C:\src\AOSP-openjdk-git\hotspot\src\share\vm\classfile\systemDictionary.cpp, line 210]
Event: 6.570 Thread 0x000000001c61e800 Exception <a 'java/lang/ClassNotFoundException': java/lang/EnumBeanInfo> (0x00000000dab5d8f0) thrown at [C:\src\AOSP-openjdk-git\hotspot\src\share\vm\classfile\systemDictionary.cpp, line 210]
Event: 6.571 Thread 0x000000001c61e800 Exception <a 'java/lang/ClassNotFoundException': java/lang/EnumCustomizer> (0x00000000dab67b98) thrown at [C:\src\AOSP-openjdk-git\hotspot\src\share\vm\classfile\systemDictionary.cpp, line 210]
Event: 6.572 Thread 0x000000001c61e800 Exception <a 'java/lang/ClassNotFoundException': org/gradle/api/JavaVersionCustomizer> (0x00000000dab9cbd0) thrown at [C:\src\AOSP-openjdk-git\hotspot\src\share\vm\classfile\systemDictionary.cpp, line 210]
Event: 6.574 Thread 0x000000001c61e800 Exception <a 'java/lang/ClassNotFoundException': com/android/build/gradle/internal/CompileOptions_DecoratedBeanInfo> (0x00000000dabfd060) thrown at [C:\src\AOSP-openjdk-git\hotspot\src\share\vm\classfile\systemDictionary.cpp, line 210]
Event: 6.574 Thread 0x000000001c61e800 Exception <a 'java/lang/ClassNotFoundException': com/android/build/gradle/internal/CompileOptionsBeanInfo> (0x00000000dac182a0) thrown at [C:\src\AOSP-openjdk-git\hotspot\src\share\vm\classfile\systemDictionary.cpp, line 210]
Event: 6.574 Thread 0x000000001c61e800 Exception <a 'java/lang/ClassNotFoundException': com/android/build/gradle/internal/CompileOptionsCustomizer> (0x00000000dac336d8) thrown at [C:\src\AOSP-openjdk-git\hotspot\src\share\vm\classfile\systemDictionary.cpp, line 210]
Event: 6.575 Thread 0x000000001c61e800 Exception <a 'java/lang/ClassNotFoundException': com/android/build/gradle/internal/CompileOptions_DecoratedCustomizer> (0x00000000dac63d20) thrown at [C:\src\AOSP-openjdk-git\hotspot\src\share\vm\classfile\systemDictionary.cpp, line 210]

Events (10 events):
Event: 6.969 loading class com/google/common/collect/ImmutableRangeSet$ComplementRanges
Event: 6.969 loading class com/google/common/collect/ImmutableRangeSet$ComplementRanges done
Event: 6.970 loading class com/google/common/collect/ImmutableSortedSet
Event: 6.970 loading class com/google/common/collect/ImmutableSortedSet done
Event: 6.971 loading class com/google/common/collect/SortedIterable
Event: 6.971 loading class com/google/common/collect/SortedIterable done
Event: 6.971 loading class com/google/common/collect/ImmutableSortedSetFauxverideShim
Event: 6.971 loading class com/google/common/collect/ImmutableSortedSetFauxverideShim done
Event: 6.971 loading class com/google/common/collect/ImmutableRangeSet$AsSet
Event: 6.971 loading class com/google/common/collect/ImmutableRangeSet$AsSet done


Dynamic libraries:
0x00007ff68a2d0000 - 0x00007ff68a301000 	C:\Program Files\Android\Android Studio\jre\bin\java.exe
0x00007fff1f9c0000 - 0x00007fff1fbb0000 	C:\WINDOWS\SYSTEM32\ntdll.dll
0x00007fff1eb20000 - 0x00007fff1ebd2000 	C:\WINDOWS\System32\KERNEL32.DLL
0x00007fff1d650000 - 0x00007fff1d8f5000 	C:\WINDOWS\System32\KERNELBASE.dll
0x00007fff1f0b0000 - 0x00007fff1f153000 	C:\WINDOWS\System32\ADVAPI32.dll
0x00007fff1ebe0000 - 0x00007fff1ec7e000 	C:\WINDOWS\System32\msvcrt.dll
0x00007fff1da70000 - 0x00007fff1db07000 	C:\WINDOWS\System32\sechost.dll
0x00007fff1ef60000 - 0x00007fff1f080000 	C:\WINDOWS\System32\RPCRT4.dll
0x00007fff1f160000 - 0x00007fff1f2f4000 	C:\WINDOWS\System32\USER32.dll
0x00007fff1cde0000 - 0x00007fff1ce01000 	C:\WINDOWS\System32\win32u.dll
0x00007fff1f8f0000 - 0x00007fff1f916000 	C:\WINDOWS\System32\GDI32.dll
0x00007fff1ca40000 - 0x00007fff1cbd6000 	C:\WINDOWS\System32\gdi32full.dll
0x00007fff1d960000 - 0x00007fff1d9fe000 	C:\WINDOWS\System32\msvcp_win.dll
0x00007fff1c940000 - 0x00007fff1ca3a000 	C:\WINDOWS\System32\ucrtbase.dll
0x00007fff00c10000 - 0x00007fff00e94000 	C:\WINDOWS\WinSxS\amd64_microsoft.windows.common-controls_6595b64144ccf1df_6.0.18362.1198_none_9e820b57e45ad92f\COMCTL32.dll
0x00007fff1f5b0000 - 0x00007fff1f8e5000 	C:\WINDOWS\System32\combase.dll
0x00007fff1d5d0000 - 0x00007fff1d650000 	C:\WINDOWS\System32\bcryptPrimitives.dll
0x00007fff1f080000 - 0x00007fff1f0ae000 	C:\WINDOWS\System32\IMM32.DLL
0x0000000054c20000 - 0x0000000054cf2000 	C:\Program Files\Android\Android Studio\jre\jre\bin\msvcr100.dll
0x0000000054de0000 - 0x000000005562b000 	C:\Program Files\Android\Android Studio\jre\jre\bin\server\jvm.dll
0x00007fff1e090000 - 0x00007fff1e098000 	C:\WINDOWS\System32\PSAPI.DLL
0x00007ffefc560000 - 0x00007ffefc569000 	C:\WINDOWS\SYSTEM32\WSOCK32.dll
0x00007fff1edf0000 - 0x00007fff1ee5f000 	C:\WINDOWS\System32\WS2_32.dll
0x00007fff149f0000 - 0x00007fff14a14000 	C:\WINDOWS\SYSTEM32\WINMM.dll
0x00007fff11670000 - 0x00007fff1167a000 	C:\WINDOWS\SYSTEM32\VERSION.dll
0x00007fff149c0000 - 0x00007fff149ed000 	C:\WINDOWS\SYSTEM32\winmmbase.dll
0x00007fff1da00000 - 0x00007fff1da4a000 	C:\WINDOWS\System32\cfgmgr32.dll
0x00007ffefb8b0000 - 0x00007ffefb8bf000 	C:\Program Files\Android\Android Studio\jre\jre\bin\verify.dll
0x00007ffee0430000 - 0x00007ffee0459000 	C:\Program Files\Android\Android Studio\jre\jre\bin\java.dll
0x00007ffefadb0000 - 0x00007ffefadc6000 	C:\Program Files\Android\Android Studio\jre\jre\bin\zip.dll
0x00007fff1e170000 - 0x00007fff1e857000 	C:\WINDOWS\System32\SHELL32.dll
0x00007fff1ea70000 - 0x00007fff1eb19000 	C:\WINDOWS\System32\shcore.dll
0x00007fff1ce10000 - 0x00007fff1d591000 	C:\WINDOWS\System32\windows.storage.dll
0x00007fff1c910000 - 0x00007fff1c933000 	C:\WINDOWS\System32\profapi.dll
0x00007fff1c8a0000 - 0x00007fff1c8ea000 	C:\WINDOWS\System32\powrprof.dll
0x00007fff1c870000 - 0x00007fff1c880000 	C:\WINDOWS\System32\UMPDC.dll
0x00007fff1e030000 - 0x00007fff1e082000 	C:\WINDOWS\System32\shlwapi.dll
0x00007fff1c880000 - 0x00007fff1c891000 	C:\WINDOWS\System32\kernel.appcore.dll
0x00007fff1da50000 - 0x00007fff1da67000 	C:\WINDOWS\System32\cryptsp.dll
0x00007ffef5d20000 - 0x00007ffef5d3a000 	C:\Program Files\Android\Android Studio\jre\jre\bin\net.dll
0x00007fff1c0c0000 - 0x00007fff1c127000 	C:\WINDOWS\system32\mswsock.dll
0x00007ffee8b70000 - 0x00007ffee8b83000 	C:\Program Files\Android\Android Studio\jre\jre\bin\nio.dll
0x00007ffefae30000 - 0x00007ffefae57000 	C:\Users\ADMIN\.gradle\native\f6784746aeab05261644944871eae4fe03e0ef1612fff0a4a95f87b438bc6780\windows-amd64\native-platform.dll
0x00007ffef2ae0000 - 0x00007ffef2aed000 	C:\Program Files\Android\Android Studio\jre\jre\bin\management.dll
0x00007fff1bc30000 - 0x00007fff1bc63000 	C:\WINDOWS\system32\rsaenh.dll
0x00007fff1d5a0000 - 0x00007fff1d5c6000 	C:\WINDOWS\System32\bcrypt.dll
0x00007fff1c790000 - 0x00007fff1c7b5000 	C:\WINDOWS\SYSTEM32\USERENV.dll
0x00007fff1c290000 - 0x00007fff1c29c000 	C:\WINDOWS\SYSTEM32\CRYPTBASE.dll
0x00007fff1bdd0000 - 0x00007fff1be0a000 	C:\WINDOWS\SYSTEM32\IPHLPAPI.DLL
0x00007fff1ec80000 - 0x00007fff1ec88000 	C:\WINDOWS\System32\NSI.dll
0x00007fff10e60000 - 0x00007fff10e76000 	C:\WINDOWS\SYSTEM32\dhcpcsvc6.DLL
0x00007fff11680000 - 0x00007fff1169c000 	C:\WINDOWS\SYSTEM32\dhcpcsvc.DLL
0x00007fff1be10000 - 0x00007fff1bedb000 	C:\WINDOWS\SYSTEM32\DNSAPI.dll
0x00007fff14e60000 - 0x00007fff14e6b000 	C:\WINDOWS\SYSTEM32\WINNSI.DLL

VM Arguments:
jvm_args: -Xmx2048m -Dfile.encoding=UTF-8 -Duser.country=US -Duser.language=en -Duser.variant 
java_command: org.gradle.launcher.daemon.bootstrap.GradleDaemon 6.5
java_class_path (initial): C:\Users\ADMIN\.gradle\wrapper\dists\gradle-6.5-bin\6nifqtx7604sqp1q6g8wikw7p\gradle-6.5\lib\gradle-launcher-6.5.jar
Launcher Type: SUN_STANDARD

Environment Variables:
JAVA_HOME=C:\Program Files\Java\jdk-14.0.1
PATH=C:\Program Files (x86)\Common Files\Oracle\Java\javapath;"C:\Program Files\Java\jdk-14.0.1\bin;C:\Program Files (x86)\Common Files\Oracle\Java\javapath";C:\WINDOWS\system32;C:\WINDOWS;C:\WINDOWS\System32\Wbem;C:\WINDOWS\System32\WindowsPowerShell\v1.0\;C:\WINDOWS\System32\OpenSSH\;C:\Program Files\Git\cmd;C:\Program Files\MySQL\MySQL Shell 8.0\bin\;C:\Users\ADMIN\AppData\Local\Microsoft\WindowsApps;;C:\Users\ADMIN\AppData\Local\Programs\Microsoft VS Code\bin
USERNAME=ADMIN
OS=Windows_NT
PROCESSOR_IDENTIFIER=Intel64 Family 6 Model 142 Stepping 10, GenuineIntel



---------------  S Y S T E M  ---------------

OS: Windows 10.0 , 64 bit Build 18362 (10.0.18362.1110)

CPU:total 8 (initial active 8) (4 cores per cpu, 2 threads per core) family 6 model 142 stepping 10, cmov, cx8, fxsr, mmx, sse, sse2, sse3, ssse3, sse4.1, sse4.2, popcnt, avx, avx2, aes, clmul, erms, 3dnowpref, lzcnt, ht, tsc, tscinvbit, bmi1, bmi2, adx

Memory: 4k page, physical 8270052k(586548k free), swap 13665536k(5808k free)

vm_info: OpenJDK 64-Bit Server VM (25.242-b01) for windows-amd64 JRE (1.8.0_242-release-1644-b01), built by "builder" with MS VC++ 10.0 (VS2010)

time: Sat Nov 28 15:51:17 2020
timezone: SE Asia Standard Time
elapsed time: 6 seconds (0d 0h 0m 6s)

